

============================== 2022-06-01 11:50:01.349400 | d9977f62-7803-4cff-be05-1e9c4231e431 ==============================
11:50:01.349400 [info ] [MainThread]: Running with dbt=1.1.0
11:50:01.349400 [debug] [MainThread]: running dbt with arguments {'write_json': True, 'use_colors': True, 'printer_width': 80, 'version_check': True, 'partial_parse': True, 'static_parser': True, 'profiles_dir': 'C:\\Users\\nsaikj\\.dbt', 'send_anonymous_usage_stats': True, 'event_buffer_size': 100000, 'quiet': False, 'no_print': False, 'skip_profile_setup': False, 'which': 'init', 'indirect_selection': 'eager'}
11:50:01.349400 [debug] [MainThread]: Tracking: tracking
11:50:01.697753 [debug] [MainThread]: Sending event: {'category': 'dbt', 'action': 'invocation', 'label': 'start', 'context': [<snowplow_tracker.self_describing_json.SelfDescribingJson object at 0x000002099B5FB070>, <snowplow_tracker.self_describing_json.SelfDescribingJson object at 0x000002099B5FAC80>, <snowplow_tracker.self_describing_json.SelfDescribingJson object at 0x000002099B5FAFB0>]}
11:50:09.599314 [debug] [MainThread]: Starter project path: C:\Users\nsaikj\AppData\Local\Programs\Python\Python310\lib\site-packages\dbt\include\starter_project
11:50:56.354660 [info ] [MainThread]: Profile main_assignment written to C:\Users\nsaikj\.dbt\profiles.yml using target's profile_template.yml and your supplied values. Run 'dbt debug' to validate the connection.
11:50:56.354660 [info ] [MainThread]: 
Your new dbt project "main_assignment" was created!

For more information on how to configure the profiles.yml file,
please consult the dbt documentation here:

  https://docs.getdbt.com/docs/configure-your-profile

One more thing:

Need help? Don't hesitate to reach out to us via GitHub issues or on Slack:

  https://community.getdbt.com/

Happy modeling!

11:50:56.354660 [debug] [MainThread]: Sending event: {'category': 'dbt', 'action': 'invocation', 'label': 'end', 'context': [<snowplow_tracker.self_describing_json.SelfDescribingJson object at 0x000002099B5FB670>, <snowplow_tracker.self_describing_json.SelfDescribingJson object at 0x000002099B5A3D60>, <snowplow_tracker.self_describing_json.SelfDescribingJson object at 0x000002099B5A39D0>]}


============================== 2022-06-01 15:49:49.920580 | 07c59c87-2628-4af5-9fc3-492978c0985b ==============================
15:49:49.920580 [info ] [MainThread]: Running with dbt=1.1.0
15:49:49.920580 [debug] [MainThread]: running dbt with arguments {'write_json': True, 'use_colors': True, 'printer_width': 80, 'version_check': True, 'partial_parse': True, 'static_parser': True, 'profiles_dir': 'C:\\Users\\nsaikj\\.dbt', 'send_anonymous_usage_stats': True, 'event_buffer_size': 100000, 'quiet': False, 'no_print': False, 'config_dir': False, 'which': 'debug', 'indirect_selection': 'eager'}
15:49:49.920580 [debug] [MainThread]: Tracking: tracking
15:49:50.022531 [debug] [MainThread]: Sending event: {'category': 'dbt', 'action': 'invocation', 'label': 'start', 'context': [<snowplow_tracker.self_describing_json.SelfDescribingJson object at 0x0000022EBA61B310>, <snowplow_tracker.self_describing_json.SelfDescribingJson object at 0x0000022EBA61AE60>, <snowplow_tracker.self_describing_json.SelfDescribingJson object at 0x0000022EBA61B340>]}
15:49:50.531447 [debug] [MainThread]: Executing "git --help"
15:49:50.636455 [debug] [MainThread]: STDOUT: "b"usage: git [--version] [--help] [-C <path>] [-c <name>=<value>]\n           [--exec-path[=<path>]] [--html-path] [--man-path] [--info-path]\n           [-p | --paginate | -P | --no-pager] [--no-replace-objects] [--bare]\n           [--git-dir=<path>] [--work-tree=<path>] [--namespace=<name>]\n           [--super-prefix=<path>] [--config-env=<name>=<envvar>]\n           <command> [<args>]\n\nThese are common Git commands used in various situations:\n\nstart a working area (see also: git help tutorial)\n   clone     Clone a repository into a new directory\n   init      Create an empty Git repository or reinitialize an existing one\n\nwork on the current change (see also: git help everyday)\n   add       Add file contents to the index\n   mv        Move or rename a file, a directory, or a symlink\n   restore   Restore working tree files\n   rm        Remove files from the working tree and from the index\n\nexamine the history and state (see also: git help revisions)\n   bisect    Use binary search to find the commit that introduced a bug\n   diff      Show changes between commits, commit and working tree, etc\n   grep      Print lines matching a pattern\n   log       Show commit logs\n   show      Show various types of objects\n   status    Show the working tree status\n\ngrow, mark and tweak your common history\n   branch    List, create, or delete branches\n   commit    Record changes to the repository\n   merge     Join two or more development histories together\n   rebase    Reapply commits on top of another base tip\n   reset     Reset current HEAD to the specified state\n   switch    Switch branches\n   tag       Create, list, delete or verify a tag object signed with GPG\n\ncollaborate (see also: git help workflows)\n   fetch     Download objects and refs from another repository\n   pull      Fetch from and integrate with another repository or a local branch\n   push      Update remote refs along with associated objects\n\n'git help -a' and 'git help -g' list available subcommands and some\nconcept guides. See 'git help <command>' or 'git help <concept>'\nto read about a specific subcommand or concept.\nSee 'git help git' for an overview of the system.\n""
15:49:50.637446 [debug] [MainThread]: STDERR: "b''"
15:49:50.639453 [debug] [MainThread]: Sending event: {'category': 'dbt', 'action': 'invocation', 'label': 'end', 'context': [<snowplow_tracker.self_describing_json.SelfDescribingJson object at 0x0000022EBA61B340>, <snowplow_tracker.self_describing_json.SelfDescribingJson object at 0x0000022EBB316710>, <snowplow_tracker.self_describing_json.SelfDescribingJson object at 0x0000022EBB316950>]}
